
--- Job MicrogridDespacho3DR.gms Start 09/05/19 16:01:07 28.2.0 r750fa45 WEX-WEI x86 64bit/MS Windows
--- GAMS Parameters defined
    Input C:\Users\carlosa-correaf\Google Drive\DR\DRuRed\MicrogridDespacho3DR.gms
    PageWidth 80
    PageSize 0
    PageContr 3
    Action CE
    ScrDir C:\Users\carlosa-correaf\Documents\gamsdir\projdir\225a\
    SysDir C:\GAMS\win64\28.2\
    WorkDir C:\Users\carlosa-correaf\Documents\gamsdir\projdir\
    LogOption 3
    DFormat 0
    TFormat 0
    ErrorLog 99
    IDE 1
GAMS 28.2.0   Copyright (C) 1987-2019 GAMS Development. All rights reserved
Licensee: GAMS Development Corporation, USA              G871201/0000CA-ANY
          Free Demo, +1 202-342-0180, support@gams.com, www.gams.com DC0000
--- Starting compilation
--- MicrogridDespacho3DR.gms(16) 3 Mb 1 Error
*** Error 282 in C:\Users\carlosa-correaf\Google Drive\DR\DRuRed\MicrogridDespacho3DR.gms
    Unable to open include file
--- MicrogridDespacho3DR.gms(18) 3 Mb 2 Errors
*** Error 463 in C:\Users\carlosa-correaf\Google Drive\DR\DRuRed\MicrogridDespacho3DR.gms
    The column section in the previous table is missing
--- MicrogridDespacho3DR.gms(26) 3 Mb 3 Errors
*** Error 282 in C:\Users\carlosa-correaf\Google Drive\DR\DRuRed\MicrogridDespacho3DR.gms
    Unable to open include file
--- MicrogridDespacho3DR.gms(29) 3 Mb 4 Errors
*** Error 463 in C:\Users\carlosa-correaf\Google Drive\DR\DRuRed\MicrogridDespacho3DR.gms
    The column section in the previous table is missing
--- MicrogridDespacho3DR.gms(44) 3 Mb 6 Errors
*** Error 116 in C:\Users\carlosa-correaf\Google Drive\DR\DRuRed\MicrogridDespacho3DR.gms
    Label is unknown
*** Error 116 in C:\Users\carlosa-correaf\Google Drive\DR\DRuRed\MicrogridDespacho3DR.gms
    Label is unknown
--- MicrogridDespacho3DR.gms(46) 3 Mb 7 Errors
*** Error 116 in C:\Users\carlosa-correaf\Google Drive\DR\DRuRed\MicrogridDespacho3DR.gms
    Label is unknown
--- MicrogridDespacho3DR.gms(47) 3 Mb 8 Errors
*** Error 116 in C:\Users\carlosa-correaf\Google Drive\DR\DRuRed\MicrogridDespacho3DR.gms
    Label is unknown
--- MicrogridDespacho3DR.gms(52) 3 Mb 9 Errors
*** Error 116 in C:\Users\carlosa-correaf\Google Drive\DR\DRuRed\MicrogridDespacho3DR.gms
    Label is unknown
--- MicrogridDespacho3DR.gms(80) 3 Mb 10 Errors
*** Error 257 in C:\Users\carlosa-correaf\Google Drive\DR\DRuRed\MicrogridDespacho3DR.gms
    Solve statement not checked because of previous errors
--- MicrogridDespacho3DR.gms(88) 3 Mb 10 Errors
*** Status: Compilation error(s)
--- Job MicrogridDespacho3DR.gms Stop 09/05/19 16:01:07 elapsed 0:00:00.131
Exit code = 2
